2022-08-05 09:47:21.034  INFO 15812 --- [main] com.User.Controller.UserControllerTest   : Starting UserControllerTest using Java 1.8.0_77 on KAPR-HYD-00 with PID 15812 (started by kamal.prasad in C:\Users\kamal.prasad\Documents\CrudApi)
2022-08-05 09:47:21.053  INFO 15812 --- [main] com.User.Controller.UserControllerTest   : No active profile set, falling back to 1 default profile: "default"
2022-08-05 09:47:22.561  INFO 15812 --- [main] .s.d.r.c.RepositoryConfigurationDelegate : Bootstrapping Spring Data JPA repositories in DEFAULT mode.
2022-08-05 09:47:22.677  INFO 15812 --- [main] .s.d.r.c.RepositoryConfigurationDelegate : Finished Spring Data repository scanning in 101 ms. Found 1 JPA repository interfaces.
2022-08-05 09:47:23.744  INFO 15812 --- [main] o.hibernate.jpa.internal.util.LogHelper  : HHH000204: Processing PersistenceUnitInfo [name: default]
2022-08-05 09:47:23.969  INFO 15812 --- [main] org.hibernate.Version                    : HHH000412: Hibernate ORM core version 5.6.10.Final
2022-08-05 09:47:24.357  INFO 15812 --- [main] o.hibernate.annotations.common.Version   : HCANN000001: Hibernate Commons Annotations {5.1.2.Final}
2022-08-05 09:47:30.190  INFO 15812 --- [main] com.zaxxer.hikari.HikariDataSource       : HikariPool-1 - Starting...
2022-08-05 09:47:30.978  INFO 15812 --- [main] com.zaxxer.hikari.HikariDataSource       : HikariPool-1 - Start completed.
2022-08-05 09:47:31.066  INFO 15812 --- [main] org.hibernate.dialect.Dialect            : HHH000400: Using dialect: org.hibernate.dialect.MySQL8Dialect
2022-08-05 09:47:32.360  INFO 15812 --- [main] o.h.e.t.j.p.i.JtaPlatformInitiator       : HHH000490: Using JtaPlatform implementation: [org.hibernate.engine.transaction.jta.platform.internal.NoJtaPlatform]
2022-08-05 09:47:32.384  INFO 15812 --- [main] j.LocalContainerEntityManagerFactoryBean : Initialized JPA EntityManagerFactory for persistence unit 'default'
2022-08-05 09:47:33.777  WARN 15812 --- [main] JpaBaseConfiguration$JpaWebConfiguration : spring.jpa.open-in-view is enabled by default. Therefore, database queries may be performed during view rendering. Explicitly configure spring.jpa.open-in-view to disable this warning
2022-08-05 09:47:34.646  INFO 15812 --- [main] pertySourcedRequestMappingHandlerMapping : Mapped URL path [/v2/api-docs] onto method [springfox.documentation.swagger2.web.Swagger2Controller#getDocumentation(String, HttpServletRequest)]
2022-08-05 09:47:36.812  INFO 15812 --- [main] o.s.b.t.m.w.SpringBootMockServletContext : Initializing Spring TestDispatcherServlet ''
2022-08-05 09:47:36.812  INFO 15812 --- [main] o.s.t.web.servlet.TestDispatcherServlet  : Initializing Servlet ''
2022-08-05 09:47:36.815  INFO 15812 --- [main] o.s.t.web.servlet.TestDispatcherServlet  : Completed initialization in 1 ms
2022-08-05 09:47:36.844  INFO 15812 --- [main] d.s.w.p.DocumentationPluginsBootstrapper : Context refreshed
2022-08-05 09:47:36.912  INFO 15812 --- [main] d.s.w.p.DocumentationPluginsBootstrapper : Found 1 custom documentation plugin(s)
2022-08-05 09:47:36.984  INFO 15812 --- [main] s.d.s.w.s.ApiListingReferenceScanner     : Scanning for api listing references
2022-08-05 09:47:37.327  INFO 15812 --- [main] .d.s.w.r.o.CachingOperationNameGenerator : Generating unique operation named: openapiJsonUsingGET_1
2022-08-05 09:47:37.421  INFO 15812 --- [main] com.User.Controller.UserControllerTest   : Started UserControllerTest in 16.946 seconds (JVM running for 18.871)
2022-08-05 09:47:38.209  INFO 15812 --- [main] com.User.Controller.UserController       : User creation is started
2022-08-05 09:47:38.286  INFO 15812 --- [main] com.User.Controller.UserController       : User SuccessFully Created
2022-08-05 09:47:38.376  INFO 15812 --- [main] .b.t.c.SpringBootTestContextBootstrapper : Neither @ContextConfiguration nor @ContextHierarchy found for test class [com.User.CrudApiApplicationTests], using SpringBootContextLoader
2022-08-05 09:47:38.380  INFO 15812 --- [main] o.s.t.c.support.AbstractContextLoader    : Could not detect default resource locations for test class [com.User.CrudApiApplicationTests]: no resource found for suffixes {-context.xml, Context.groovy}.
2022-08-05 09:47:38.381  INFO 15812 --- [main] t.c.s.AnnotationConfigContextLoaderUtils : Could not detect default configuration classes for test class [com.User.CrudApiApplicationTests]: CrudApiApplicationTests does not declare any static, non-private, non-final, nested classes annotated with @Configuration.
2022-08-05 09:47:38.409  INFO 15812 --- [main] .b.t.c.SpringBootTestContextBootstrapper : Found @SpringBootConfiguration com.User.CrudApiApplication for test class com.User.CrudApiApplicationTests
2022-08-05 09:47:38.418  INFO 15812 --- [main] .b.t.c.SpringBootTestContextBootstrapper : Loaded default TestExecutionListener class names from location [META-INF/spring.factories]: [org.springframework.boot.test.mock.mockito.MockitoTestExecutionListener, org.springframework.boot.test.mock.mockito.ResetMocksTestExecutionListener, org.springframework.boot.test.autoconfigure.restdocs.RestDocsTestExecutionListener, org.springframework.boot.test.autoconfigure.web.client.MockRestServiceServerResetTestExecutionListener, org.springframework.boot.test.autoconfigure.web.servlet.MockMvcPrintOnlyOnFailureTestExecutionListener, org.springframework.boot.test.autoconfigure.web.servlet.WebDriverTestExecutionListener, org.springframework.boot.test.autoconfigure.webservices.client.MockWebServiceServerTestExecutionListener, org.springframework.test.context.web.ServletTestExecutionListener, org.springframework.test.context.support.DirtiesContextBeforeModesTestExecutionListener, org.springframework.test.context.event.ApplicationEventsTestExecutionListener, org.springframework.test.context.support.DependencyInjectionTestExecutionListener, org.springframework.test.context.support.DirtiesContextTestExecutionListener, org.springframework.test.context.transaction.TransactionalTestExecutionListener, org.springframework.test.context.jdbc.SqlScriptsTestExecutionListener, org.springframework.test.context.event.EventPublishingTestExecutionListener]
2022-08-05 09:47:38.421  INFO 15812 --- [main] .b.t.c.SpringBootTestContextBootstrapper : Using TestExecutionListeners: [org.springframework.test.context.web.ServletTestExecutionListener@288b8663, org.springframework.test.context.support.DirtiesContextBeforeModesTestExecutionListener@4cd6f08b, org.springframework.test.context.event.ApplicationEventsTestExecutionListener@78b2d29e, org.springframework.boot.test.mock.mockito.MockitoTestExecutionListener@4419cd6e, org.springframework.boot.test.autoconfigure.SpringBootDependencyInjectionTestExecutionListener@3055f310, org.springframework.test.context.support.DirtiesContextTestExecutionListener@4b7c0f39, org.springframework.test.context.transaction.TransactionalTestExecutionListener@25b402ea, org.springframework.test.context.jdbc.SqlScriptsTestExecutionListener@2fccd98f, org.springframework.test.context.event.EventPublishingTestExecutionListener@309e7215, org.springframework.boot.test.mock.mockito.ResetMocksTestExecutionListener@1b30b6f8, org.springframework.boot.test.autoconfigure.restdocs.RestDocsTestExecutionListener@1e965426, org.springframework.boot.test.autoconfigure.web.client.MockRestServiceServerResetTestExecutionListener@575fe6da, org.springframework.boot.test.autoconfigure.web.servlet.MockMvcPrintOnlyOnFailureTestExecutionListener@149238fe, org.springframework.boot.test.autoconfigure.web.servlet.WebDriverTestExecutionListener@a0bdbe2, org.springframework.boot.test.autoconfigure.webservices.client.MockWebServiceServerTestExecutionListener@261099e1]
2022-08-05 09:47:38.549  INFO 15812 --- [main] com.User.CrudApiApplication              : Starting CrudApiApplication using Java 1.8.0_77 on KAPR-HYD-00 with PID 15812 (started by kamal.prasad in C:\Users\kamal.prasad\Documents\CrudApi)
2022-08-05 09:47:38.550  INFO 15812 --- [main] com.User.CrudApiApplication              : No active profile set, falling back to 1 default profile: "default"
2022-08-05 09:47:39.113  INFO 15812 --- [main] .s.d.r.c.RepositoryConfigurationDelegate : Bootstrapping Spring Data JPA repositories in DEFAULT mode.
2022-08-05 09:47:39.131  INFO 15812 --- [main] .s.d.r.c.RepositoryConfigurationDelegate : Finished Spring Data repository scanning in 16 ms. Found 1 JPA repository interfaces.
2022-08-05 09:47:39.487  INFO 15812 --- [main] o.s.b.w.embedded.tomcat.TomcatWebServer  : Tomcat initialized with port(s): 9090 (http)
2022-08-05 09:47:39.505  INFO 15812 --- [main] o.apache.catalina.core.StandardService   : Starting service [Tomcat]
2022-08-05 09:47:39.506  INFO 15812 --- [main] org.apache.catalina.core.StandardEngine  : Starting Servlet engine: [Apache Tomcat/9.0.65]
2022-08-05 09:47:39.879  INFO 15812 --- [main] o.a.c.c.C.[Tomcat].[localhost].[/]       : Initializing Spring embedded WebApplicationContext
2022-08-05 09:47:39.879  INFO 15812 --- [main] w.s.c.ServletWebServerApplicationContext : Root WebApplicationContext: initialization completed in 1324 ms
2022-08-05 09:47:40.005  INFO 15812 --- [main] o.hibernate.jpa.internal.util.LogHelper  : HHH000204: Processing PersistenceUnitInfo [name: default]
2022-08-05 09:47:40.013  INFO 15812 --- [main] com.zaxxer.hikari.HikariDataSource       : HikariPool-2 - Starting...
2022-08-05 09:47:40.035  INFO 15812 --- [main] com.zaxxer.hikari.HikariDataSource       : HikariPool-2 - Start completed.
2022-08-05 09:47:40.066  INFO 15812 --- [main] org.hibernate.dialect.Dialect            : HHH000400: Using dialect: org.hibernate.dialect.MySQL8Dialect
2022-08-05 09:47:40.132  INFO 15812 --- [main] o.h.e.t.j.p.i.JtaPlatformInitiator       : HHH000490: Using JtaPlatform implementation: [org.hibernate.engine.transaction.jta.platform.internal.NoJtaPlatform]
2022-08-05 09:47:40.133  INFO 15812 --- [main] j.LocalContainerEntityManagerFactoryBean : Initialized JPA EntityManagerFactory for persistence unit 'default'
2022-08-05 09:47:40.434  WARN 15812 --- [main] JpaBaseConfiguration$JpaWebConfiguration : spring.jpa.open-in-view is enabled by default. Therefore, database queries may be performed during view rendering. Explicitly configure spring.jpa.open-in-view to disable this warning
2022-08-05 09:47:40.512  INFO 15812 --- [main] pertySourcedRequestMappingHandlerMapping : Mapped URL path [/v2/api-docs] onto method [springfox.documentation.swagger2.web.Swagger2Controller#getDocumentation(String, HttpServletRequest)]
2022-08-05 09:47:41.307  WARN 15812 --- [main] ConfigServletWebServerApplicationContext : Exception encountered during context initialization - cancelling refresh attempt: org.springframework.context.ApplicationContextException: Failed to start bean 'webServerStartStop'; nested exception is org.springframework.boot.web.server.PortInUseException: Port 9090 is already in use
2022-08-05 09:47:41.311  INFO 15812 --- [main] j.LocalContainerEntityManagerFactoryBean : Closing JPA EntityManagerFactory for persistence unit 'default'
2022-08-05 09:47:41.313  INFO 15812 --- [main] com.zaxxer.hikari.HikariDataSource       : HikariPool-2 - Shutdown initiated...
2022-08-05 09:47:41.337  INFO 15812 --- [main] com.zaxxer.hikari.HikariDataSource       : HikariPool-2 - Shutdown completed.
2022-08-05 09:47:41.339  INFO 15812 --- [main] o.apache.catalina.core.StandardService   : Stopping service [Tomcat]
2022-08-05 09:47:41.356  INFO 15812 --- [main] ConditionEvaluationReportLoggingListener : 

Error starting ApplicationContext. To display the conditions report re-run your application with 'debug' enabled.
2022-08-05 09:47:41.402 ERROR 15812 --- [main] o.s.b.d.LoggingFailureAnalysisReporter   : 

***************************
APPLICATION FAILED TO START
***************************

Description:

Web server failed to start. Port 9090 was already in use.

Action:

Identify and stop the process that's listening on port 9090 or configure this application to listen on another port.

2022-08-05 09:47:41.449  INFO 15812 --- [SpringApplicationShutdownHook] j.LocalContainerEntityManagerFactoryBean : Closing JPA EntityManagerFactory for persistence unit 'default'
2022-08-05 09:47:41.450  INFO 15812 --- [SpringApplicationShutdownHook] com.zaxxer.hikari.HikariDataSource       : HikariPool-1 - Shutdown initiated...
2022-08-05 09:47:41.458  INFO 15812 --- [SpringApplicationShutdownHook] com.zaxxer.hikari.HikariDataSource       : HikariPool-1 - Shutdown completed.
